2015-01-10 08:05:47.601 FlexVolt[72467:70b] Multi-tasking -> Device: YES, App: YES
2015-01-10 08:05:47.850 FlexVolt[72467:70b] Unlimited access to network resources
2015-01-10 08:05:51.546 FlexVolt[72467:70b] [CDVTimer][keyboard] 0.092983ms
2015-01-10 08:05:51.547 FlexVolt[72467:70b] Bluetooth Serial Cordova Plugin - BLE version
2015-01-10 08:05:51.548 FlexVolt[72467:70b] (c)2013 Don Coleman
2015-01-10 08:05:51.619 FlexVolt[72467:70b] [CDVTimer][bluetoothserial] 71.539998ms
2015-01-10 08:05:51.619 FlexVolt[72467:70b] CDVPlugin class CDVStatusBar (pluginName: statusbar) does not exist.
2015-01-10 08:05:51.620 FlexVolt[72467:70b] [CDVTimer][statusbar] 0.605047ms
2015-01-10 08:05:51.620 FlexVolt[72467:70b] [CDVTimer][TotalPluginStartup] 74.218988ms
2015-01-10 08:05:52.615 FlexVolt[72467:70b] Status of CoreBluetooth central manager changed 2 (State BLE unsupported (CBCentralManagerStateResetting))
2015-01-10 08:05:52.857 FlexVolt[72467:70b] Resetting plugins due to page load.
2015-01-10 08:05:55.310 FlexVolt[72467:70b] Finished load of: file:///Users/brendan_p_flynn/Library/Application%20Support/iPhone%20Simulator/7.1/Applications/3409ECE0-DC40-4A3E-90EA-6B0450EADA8B/FlexVolt.app/www/index.html#/tab/dash
2015-01-10 08:05:59.969 FlexVolt[72467:70b] currentUrl = /plot
2015-01-10 08:06:00.861 FlexVolt[72467:70b] clearing
2015-01-10 08:06:01.326 FlexVolt[72467:70b] clearing
2015-01-10 08:06:01.795 FlexVolt[72467:70b] clearing
2015-01-10 08:06:02.261 FlexVolt[72467:70b] clearing
2015-01-10 08:06:02.726 FlexVolt[72467:70b] clearing
2015-01-10 08:06:05.045 FlexVolt[72467:70b] Listing devices...
2015-01-10 08:06:05.046 FlexVolt[72467:70b] Scanning for BLE Peripherals
2015-01-10 08:06:05.046 FlexVolt[72467:70b] CoreBluetooth not correctly initialized !
2015-01-10 08:06:05.047 FlexVolt[72467:70b] State = 2 (State BLE unsupported (CBCentralManagerStateResetting))
2015-01-10 08:06:08.051 FlexVolt[72467:70b] Got device list:
2015-01-10 08:06:08.052 FlexVolt[72467:70b] []
2015-01-10 08:06:11.851 FlexVolt[72467:70b] currentUrl = /plot
2015-01-10 08:06:12.296 FlexVolt[72467:70b] clearing
2015-01-10 08:06:12.761 FlexVolt[72467:70b] clearing
2015-01-10 08:06:13.227 FlexVolt[72467:70b] clearing
2015-01-10 08:06:13.694 FlexVolt[72467:70b] clearing
2015-01-10 08:06:14.160 FlexVolt[72467:70b] clearing
2015-01-10 08:06:14.626 FlexVolt[72467:70b] clearing
2015-01-10 08:06:15.094 FlexVolt[72467:70b] clearing
2015-01-10 08:06:15.560 FlexVolt[72467:70b] clearing
2015-01-10 08:06:16.027 FlexVolt[72467:70b] clearing
2015-01-10 08:06:16.493 FlexVolt[72467:70b] clearing
